<?xml version="1.0" encoding="UTF-8"?>
<testng-results ignored="0" total="1" passed="1" failed="0" skipped="0">
  <reporter-output>
  </reporter-output>
  <suite started-at="2020-03-17T07:55:35Z" name="MultiBrowserSuite" finished-at="2020-03-17T07:55:48Z" duration-ms="13472">
    <groups>
    </groups>
    <test started-at="2020-03-17T07:55:35Z" name="TestHeadlessChrome" finished-at="2020-03-17T07:55:48Z" duration-ms="13472">
      <class name="test.TestNG_GoogleSearch">
        <test-method is-config="true" signature="beforeSuite()[pri:0, instance:test.TestNG_GoogleSearch@6b19b79]" started-at="2020-03-17T07:55:35Z" name="beforeSuite" finished-at="2020-03-17T07:55:35Z" duration-ms="191" status="PASS">
          <reporter-output>
          </reporter-output>
        </test-method> <!-- beforeSuite -->
        <test-method is-config="true" signature="setupTest(java.lang.String)[pri:0, instance:test.TestNG_GoogleSearch@6b19b79]" started-at="2020-03-17T07:55:35Z" name="setupTest" finished-at="2020-03-17T07:55:41Z" duration-ms="6588" status="PASS">
          <params>
            <param index="0">
              <value>
                <![CDATA[ChromeHeadless]]>
              </value>
            </param>
          </params>
          <reporter-output>
          </reporter-output>
        </test-method> <!-- setupTest -->
        <test-method signature="googleSearch()[pri:0, instance:test.TestNG_GoogleSearch@6b19b79]" started-at="2020-03-17T07:55:41Z" name="googleSearch" finished-at="2020-03-17T07:55:47Z" duration-ms="6039" status="PASS">
          <reporter-output>
          </reporter-output>
        </test-method> <!-- googleSearch -->
        <test-method is-config="true" signature="teardown()[pri:0, instance:test.TestNG_GoogleSearch@6b19b79]" started-at="2020-03-17T07:55:47Z" name="teardown" finished-at="2020-03-17T07:55:48Z" duration-ms="795" status="PASS">
          <reporter-output>
          </reporter-output>
        </test-method> <!-- teardown -->
        <test-method is-config="true" signature="generateReport()[pri:0, instance:test.TestNG_GoogleSearch@6b19b79]" started-at="2020-03-17T07:55:48Z" name="generateReport" finished-at="2020-03-17T07:55:49Z" duration-ms="685" status="PASS">
          <reporter-output>
          </reporter-output>
        </test-method> <!-- generateReport -->
      </class> <!-- test.TestNG_GoogleSearch -->
    </test> <!-- TestHeadlessChrome -->
  </suite> <!-- MultiBrowserSuite -->
</testng-results>
