<?xml version="1.0" encoding="UTF-8"?>
<!-- Generated by org.testng.reporters.JUnitXMLReporter -->
<testsuite ignored="0" hostname="Javon" failures="1" tests="3" name="Test(failed)" time="0.061" errors="0" timestamp="16 Mar 2020 12:04:37 GMT">
  <testcase classname="listeners.TestNGListenerDemo" name="test1" time="0.012"/>
  <testcase classname="listeners.TestNGListenerDemo" name="test2" time="0.002"/>
  <testcase classname="listeners.TestNGListenerDemo" name="test3" time="0.003">
    <failure type="java.lang.AssertionError" message="expected [true] but found [false]">
      <![CDATA[java.lang.AssertionError: expected [true] but found [false]
at listeners.TestNGListenerDemo.test3(TestNGListenerDemo.java:38)
... Removed 29 stack frames]]>
    </failure>
  </testcase> <!-- test3 -->
</testsuite> <!-- Test(failed) -->
