<?xml version="1.0" encoding="UTF-8"?>
<!-- Generated by org.testng.reporters.JUnitXMLReporter -->
<testsuite ignored="0" hostname="Javon" failures="1" tests="1" name="TestFirefox" time="0.081" errors="0" timestamp="08 Mar 2020 08:53:19 GMT">
  <testcase classname="test.TestNG_GoogleSearch" name="googleSearch" time="0.027">
    <failure type="java.lang.NullPointerException">
      <![CDATA[java.lang.NullPointerException
at test.TestNG_GoogleSearch.googleSearch(TestNG_GoogleSearch.java:119)
at java.base/java.util.concurrent.FutureTask.run(FutureTask.java:264)
at java.base/java.util.concurrent.ThreadPoolExecutor.runWorker(ThreadPoolExecutor.java:1128)
at java.base/java.util.concurrent.ThreadPoolExecutor$Worker.run(ThreadPoolExecutor.java:628)
at java.base/java.lang.Thread.run(Thread.java:830)
... Removed 16 stack frames]]>
    </failure>
  </testcase> <!-- googleSearch -->
</testsuite> <!-- TestFirefox -->
