<?xml version="1.0" encoding="UTF-8"?>
<!-- Generated by org.testng.reporters.JUnitXMLReporter -->
<testsuite ignored="4" hostname="Javon" failures="0" tests="3" name="Test" time="0.054" errors="0" timestamp="16 Mar 2020 11:50:10 GMT">
  <testcase classname="listeners.TestNGListenerDemo" name="test1" time="0.012"/>
  <testcase classname="listeners.TestNGListenerDemo" name="test2" time="0.002"/>
  <testcase classname="listeners.TestNGListenerDemo" name="test3" time="0.003"/>
  <testcase classname="listeners.TestNGListenerDemo2" name="test6" time="0.0">
    <ignored/>
  </testcase> <!-- test6 -->
  <testcase classname="listeners.TestNGListenerDemo2" name="test7" time="0.0">
    <ignored/>
  </testcase> <!-- test7 -->
  <testcase classname="listeners.TestNGListenerDemo2" name="test4" time="0.0">
    <ignored/>
  </testcase> <!-- test4 -->
  <testcase classname="listeners.TestNGListenerDemo2" name="test5" time="0.0">
    <ignored/>
  </testcase> <!-- test5 -->
</testsuite> <!-- Test -->
